=== puma startup: 2017-10-29 18:29:41 +1100 ===
/Users/jw/.rbenv/versions/2.4.0/lib/ruby/gems/2.4.0/gems/puma-3.9.1/lib/puma/launcher.rb:130:in `initialize': No such file or directory @ rb_sysopen - /Users/jw/nabu/api.interflux.com/shared/pids/puma.pid (Errno::ENOENT)
	from /Users/jw/.rbenv/versions/2.4.0/lib/ruby/gems/2.4.0/gems/puma-3.9.1/lib/puma/launcher.rb:130:in `open'
	from /Users/jw/.rbenv/versions/2.4.0/lib/ruby/gems/2.4.0/gems/puma-3.9.1/lib/puma/launcher.rb:130:in `write_pid'
	from /Users/jw/.rbenv/versions/2.4.0/lib/ruby/gems/2.4.0/gems/puma-3.9.1/lib/puma/launcher.rb:103:in `write_state'
	from /Users/jw/.rbenv/versions/2.4.0/lib/ruby/gems/2.4.0/gems/puma-3.9.1/lib/puma/cluster.rb:439:in `run'
	from /Users/jw/.rbenv/versions/2.4.0/lib/ruby/gems/2.4.0/gems/puma-3.9.1/lib/puma/launcher.rb:174:in `run'
	from /Users/jw/.rbenv/versions/2.4.0/lib/ruby/gems/2.4.0/gems/puma-3.9.1/lib/rack/handler/puma.rb:69:in `run'
	from /Users/jw/.rbenv/versions/2.4.0/lib/ruby/gems/2.4.0/gems/rack-2.0.3/lib/rack/server.rb:297:in `start'
	from /Users/jw/.rbenv/versions/2.4.0/lib/ruby/gems/2.4.0/gems/railties-5.1.2/lib/rails/commands/server/server_command.rb:44:in `start'
	from /Users/jw/.rbenv/versions/2.4.0/lib/ruby/gems/2.4.0/gems/railties-5.1.2/lib/rails/commands/server/server_command.rb:131:in `block in perform'
	from /Users/jw/.rbenv/versions/2.4.0/lib/ruby/gems/2.4.0/gems/railties-5.1.2/lib/rails/commands/server/server_command.rb:126:in `tap'
	from /Users/jw/.rbenv/versions/2.4.0/lib/ruby/gems/2.4.0/gems/railties-5.1.2/lib/rails/commands/server/server_command.rb:126:in `perform'
	from /Users/jw/.rbenv/versions/2.4.0/lib/ruby/gems/2.4.0/gems/thor-0.19.4/lib/thor/command.rb:27:in `run'
	from /Users/jw/.rbenv/versions/2.4.0/lib/ruby/gems/2.4.0/gems/thor-0.19.4/lib/thor/invocation.rb:126:in `invoke_command'
	from /Users/jw/.rbenv/versions/2.4.0/lib/ruby/gems/2.4.0/gems/thor-0.19.4/lib/thor.rb:369:in `dispatch'
	from /Users/jw/.rbenv/versions/2.4.0/lib/ruby/gems/2.4.0/gems/railties-5.1.2/lib/rails/command/base.rb:63:in `perform'
	from /Users/jw/.rbenv/versions/2.4.0/lib/ruby/gems/2.4.0/gems/railties-5.1.2/lib/rails/command.rb:44:in `invoke'
	from /Users/jw/.rbenv/versions/2.4.0/lib/ruby/gems/2.4.0/gems/railties-5.1.2/lib/rails/commands.rb:16:in `<top (required)>'
	from /Users/jw/nabu/api.interflux.com/bin/rails:11:in `require'
	from /Users/jw/nabu/api.interflux.com/bin/rails:11:in `<top (required)>'
	from /Users/jw/.rbenv/versions/2.4.0/lib/ruby/gems/2.4.0/gems/spring-2.0.2/lib/spring/client/rails.rb:28:in `load'
	from /Users/jw/.rbenv/versions/2.4.0/lib/ruby/gems/2.4.0/gems/spring-2.0.2/lib/spring/client/rails.rb:28:in `call'
	from /Users/jw/.rbenv/versions/2.4.0/lib/ruby/gems/2.4.0/gems/spring-2.0.2/lib/spring/client/command.rb:7:in `call'
	from /Users/jw/.rbenv/versions/2.4.0/lib/ruby/gems/2.4.0/gems/spring-2.0.2/lib/spring/client.rb:30:in `run'
	from /Users/jw/.rbenv/versions/2.4.0/lib/ruby/gems/2.4.0/gems/spring-2.0.2/bin/spring:49:in `<top (required)>'
	from /Users/jw/.rbenv/versions/2.4.0/lib/ruby/gems/2.4.0/gems/spring-2.0.2/lib/spring/binstub.rb:31:in `load'
	from /Users/jw/.rbenv/versions/2.4.0/lib/ruby/gems/2.4.0/gems/spring-2.0.2/lib/spring/binstub.rb:31:in `<top (required)>'
	from /Users/jw/nabu/api.interflux.com/bin/spring:16:in `require'
	from /Users/jw/nabu/api.interflux.com/bin/spring:16:in `<top (required)>'
	from bin/rails:5:in `load'
	from bin/rails:5:in `<main>'
